c-1-38
Wed 06 Jul 2022 06:10:00 AM CDT
----------------------------------------
Sky model: RS	Operation: ratio
----------------------------------------
Sky model: RS	Operation: diff
----------------------------------------
Sky model: GHI	Operation: ratio
----------------------------------------
Sky model: GHI	Operation: diff
----------------------------------------
Sky model: RS	Operation: ratio
----------------------------------------
Sky model: RS	Operation: diff
----------------------------------------
Sky model: GHI	Operation: ratio
----------------------------------------
Sky model: GHI	Operation: diff
----------------------------------------
Sky model: RS	Operation: ratio
----------------------------------------
Sky model: RS	Operation: diff
----------------------------------------
Sky model: GHI	Operation: ratio
----------------------------------------
Sky model: GHI	Operation: diff
----------------------------------------
Sky model: RS	Operation: ratio
----------------------------------------
Sky model: RS	Operation: diff
----------------------------------------
Sky model: GHI	Operation: ratio
----------------------------------------
Sky model: GHI	Operation: diff
----------------------------------------
Sky model: RS	Operation: ratio
----------------------------------------
Sky model: RS	Operation: diff
----------------------------------------
Sky model: GHI	Operation: ratio
----------------------------------------
Sky model: GHI	Operation: diff
Wed 06 Jul 2022 06:15:23 AM CDT
