g-0-3
Fri 08 Jul 2022 05:02:22 AM CDT
----------------------------------------
Sky model: RS	Operation: ratio
----------------------------------------
Sky model: RS	Operation: diff
----------------------------------------
Sky model: GHI	Operation: ratio
----------------------------------------
Sky model: GHI	Operation: diff
----------------------------------------
Sky model: RS	Operation: ratio
----------------------------------------
Sky model: RS	Operation: diff
----------------------------------------
Sky model: GHI	Operation: ratio
----------------------------------------
Sky model: GHI	Operation: diff
----------------------------------------
Sky model: RS	Operation: ratio
----------------------------------------
Sky model: RS	Operation: diff
----------------------------------------
Sky model: GHI	Operation: ratio
----------------------------------------
Sky model: GHI	Operation: diff
----------------------------------------
Sky model: RS	Operation: ratio
----------------------------------------
Sky model: RS	Operation: diff
----------------------------------------
Sky model: GHI	Operation: ratio
----------------------------------------
Sky model: GHI	Operation: diff
----------------------------------------
Sky model: RS	Operation: ratio
----------------------------------------
Sky model: RS	Operation: diff
----------------------------------------
Sky model: GHI	Operation: ratio
----------------------------------------
Sky model: GHI	Operation: diff
Fri 08 Jul 2022 05:07:40 AM CDT
